#
# A fatal error has been detected by the Java Runtime Environment:
#
#  SIGSEGV (0xb) at pc=0x0000000106568472, pid=23642, tid=2571
#
# JRE version: Java(TM) SE Runtime Environment (8.0_74-b02) (build 1.8.0_74-b02)
# Java VM: Java HotSpot(TM) 64-Bit Server VM (25.74-b02 mixed mode bsd-amd64 compressed oops)
# Problematic frame:
# V  [libjvm.dylib+0x168472]  ThreadStateTransition::trans_from_native(JavaThreadState)+0xa
#
# Failed to write core dump. Core dumps have been disabled. To enable core dumping, try "ulimit -c unlimited" before starting Java again
#
# If you would like to submit a bug report, please visit:
#   http://bugreport.java.com/bugreport/crash.jsp
#

---------------  T H R E A D  ---------------

Current thread is native thread

siginfo: si_signo: 11 (SIGSEGV), si_code: 1 (SEGV_MAPERR), si_addr: 0x0000000000000270

Registers:
RAX=0x0000000000000000, RBX=0x0000000000000000, RCX=0x0000000106710b0b, RDX=0x00007faf5b8011f8
RSP=0x00007fff5aa9f040, RBP=0x00007fff5aa9f050, RSI=0x0000000000000006, RDI=0x00007fff5aa9f090
R8 =0x0000000000000000, R9 =0x0000000000000000, R10=0x00007faf61a31570, R11=0x00000001224a0b58
R12=0x00007faf5b8011f8, R13=0x0000000125eb7c10, R14=0x00007faf5b8011f8, R15=0x0000000000000000
RIP=0x0000000106568472, EFLAGS=0x0000000000010246, ERR=0x0000000000000006
  TRAPNO=0x000000000000000e

Top of Stack: (sp=0x00007fff5aa9f040)
0x00007fff5aa9f040:   00007faf5a57bcf8 00007faf5b8011f8
0x00007fff5aa9f050:   00007fff5aa9f0b0 0000000106710b3b
0x00007fff5aa9f060:   c000bce52d59a547 0000000000000000
0x00007fff5aa9f070:   00007faf5b320400 00007faf5d0615a0
0x00007fff5aa9f080:   00007fff5aa9f0b0 00000001282dc6e9
0x00007fff5aa9f090:   0000000000000000 00007faf5a49f5f0
0x00007fff5aa9f0a0:   00007faf5b320400 00007faf5d0615a0
0x00007fff5aa9f0b0:   00007fff5aa9f110 000000012823ca3b
0x00007fff5aa9f0c0:   c000bce52d59a547 0000000000000000
0x00007fff5aa9f0d0:   40f7244bb109ea6e 00007faf5d08cb30
0x00007fff5aa9f0e0:   00007fff5aa9f110 00007fff8e5174c0
0x00007fff5aa9f0f0:   0000000000000000 0000000125eb7c10
0x00007fff5aa9f100:   00007faf5d0615a0 00007faf5d08cb30
0x00007fff5aa9f110:   00007fff5aa9f170 00007fff9861c793
0x00007fff5aa9f120:   0000010200000004 0000000000000000
0x00007fff5aa9f130:   00007faf5d0615a0 0000000000000000
0x00007fff5aa9f140:   40f7244bb109ea6e 00007fff8e5174c0
0x00007fff5aa9f150:   00007faf5a5b25e0 00007faf5d0615a0
0x00007fff5aa9f160:   0000000000000004 0000000000000000
0x00007fff5aa9f170:   00007fff5aa9f1e0 00007fff9861c33d
0x00007fff5aa9f180:   4000000000000000 4076b00000000000
0x00007fff5aa9f190:   4060200000000000 0000000000000000
0x00007fff5aa9f1a0:   0000000000000000 4076b00000000000
0x00007fff5aa9f1b0:   4060200000000000 00007fff5aa9f2c0
0x00007fff5aa9f1c0:   0000000125fa2fe8 00007fff9d1a56b2
0x00007fff5aa9f1d0:   0000000000000001 0000000125fa2f40
0x00007fff5aa9f1e0:   00007fff5aaa02c0 00007fff985c04a5
0x00007fff5aa9f1f0:   00007fff5aaa02c0 00007fff985c0367
0x00007fff5aa9f200:   00007fff5aa9f270 00007fff7a971080
0x00007fff5aa9f210:   0000000125fa2fe8 0000000125fa2fe8
0x00007fff5aa9f220:   0000000125fa2f40 0000000000000000
0x00007fff5aa9f230:   00007faf5c907e00 00007fff5aa9f1f0 

Instructions: (pc=0x0000000106568472)
0x0000000106568452:   0e 48 8b 0b 49 8b 56 18 48 63 c0 48 89 0c c2 5b
0x0000000106568462:   41 5e 5d c3 90 90 55 48 89 e5 41 56 53 48 8b 1f
0x0000000106568472:   c7 83 70 02 00 00 05 00 00 00 48 8d 05 b5 af 77
0x0000000106568482:   00 8b 00 83 f8 01 41 89 f6 75 0c 48 8d 0d f2 16 

Register to memory mapping:

RAX=0x0000000000000000 is an unknown value
RBX=0x0000000000000000 is an unknown value
RCX=0x0000000106710b0b: jni_NewLocalRef+0 in /Library/Java/JavaVirtualMachines/jdk1.8.0_74.jdk/Contents/Home/jre/lib/server/libjvm.dylib at 0x0000000106400000
RDX=0x00007faf5b8011f8 is an unknown value
RSP=0x00007fff5aa9f040 is an unknown value
RBP=0x00007fff5aa9f050 is an unknown value
RSI=0x0000000000000006 is an unknown value
RDI=0x00007fff5aa9f090 is an unknown value
R8 =0x0000000000000000 is an unknown value
R9 =0x0000000000000000 is an unknown value
R10=0x00007faf61a31570 is an unknown value
R11=0x00000001224a0b58: OBJC_CLASS_$_JNFJObjectWrapper+0 in /System/Library/Frameworks/JavaVM.framework/Versions/A/Frameworks/JavaNativeFoundation.framework/Versions/A/JavaNativeFoundation at 0x0000000122494000
R12=0x00007faf5b8011f8 is an unknown value
R13=0x0000000125eb7c10 is an unknown value
R14=0x00007faf5b8011f8 is an unknown value
R15=0x0000000000000000 is an unknown value


Stack: [0x00007fff5a2a4000,0x00007fff5aaa4000],  sp=0x00007fff5aa9f040,  free space=8172k
Native frames: (J=compiled Java code, j=interpreted, Vv=VM code, C=native code)
V  [libjvm.dylib+0x168472]  ThreadStateTransition::trans_from_native(JavaThreadState)+0xa
V  [libjvm.dylib+0x310b3b]  jni_NewLocalRef+0x30
C  [libawt_lwawt.dylib+0x19a3b]  -[CGLLayer drawInCGLContext:pixelFormat:forLayerTime:displayTime:]+0xee
C  [QuartzCore+0x6d793]  CAOpenGLLayerDraw(CAOpenGLLayer*, double, CVTimeStamp const*, unsigned int)+0x2ca
C  [QuartzCore+0x6d33d]  -[CAOpenGLLayer _display]+0x160
C  [QuartzCore+0x114a5]  CA::Layer::display_if_needed(CA::Transaction*)+0x25b
C  [QuartzCore+0x10fcd]  CA::Layer::layout_and_display_if_needed(CA::Transaction*)+0x23
C  [QuartzCore+0x104a1]  CA::Context::commit_transaction(CA::Transaction*)+0x115
C  [QuartzCore+0x100ec]  CA::Transaction::commit()+0x1fc
C  [QuartzCore+0x1b977]  CA::Transaction::observer_callback(__CFRunLoopObserver*, unsigned long, void*)+0x47
C  [CoreFoundation+0xaa067]  __CFRUNLOOP_IS_CALLING_OUT_TO_AN_OBSERVER_CALLBACK_FUNCTION__+0x17
C  [CoreFoundation+0xa9fd7]  __CFRunLoopDoObservers+0x187
C  [CoreFoundation+0x895da]  __CFRunLoopRun+0x49a
C  [CoreFoundation+0x88ed8]  CFRunLoopRunSpecific+0x128
C  [java+0x6463]  CreateExecutionEnvironment+0x367
C  [java+0x21ac]  JLI_Launch+0x7a0
C  [java+0x84c0]  main+0x65
C  [java+0x1a04]  start+0x34


---------------  P R O C E S S  ---------------

VM state:not at safepoint (normal execution)

VM Mutex/Monitor currently owned by a thread: None

Heap:
 PSYoungGen      total 76288K, used 36927K [0x000000076ab00000, 0x0000000770000000, 0x00000007c0000000)
  eden space 65536K, 56% used [0x000000076ab00000,0x000000076cf0fea0,0x000000076eb00000)
  from space 10752K, 0% used [0x000000076f580000,0x000000076f580000,0x0000000770000000)
  to   space 10752K, 0% used [0x000000076eb00000,0x000000076eb00000,0x000000076f580000)
 ParOldGen       total 175104K, used 0K [0x00000006c0000000, 0x00000006cab00000, 0x000000076ab00000)
  object space 175104K, 0% used [0x00000006c0000000,0x00000006c0000000,0x00000006cab00000)
 Metaspace       used 18367K, capacity 18836K, committed 19072K, reserved 1064960K
  class space    used 2444K, capacity 2571K, committed 2688K, reserved 1048576K

Card table byte_map: [0x0000000116784000,0x0000000116f85000] byte_map_base: 0x0000000113184000

Marking Bits: (ParMarkBitMap*) 0x0000000106ce3ea0
 Begin Bits: [0x00000001174db000, 0x000000011b4db000)
 End Bits:   [0x000000011b4db000, 0x000000011f4db000)

Polling page: 0x00000001053ea000

CodeCache: size=245760Kb used=3591Kb max_used=3591Kb free=242168Kb
 bounds [0x00000001073c4000, 0x0000000107754000, 0x00000001163c4000]
 total_blobs=1601 nmethods=933 adapters=582
 compilation: enabled

Compilation events (10 events):
Event: 6.453 Thread 0x00007faf5c003800  930       3       java.util.concurrent.locks.ReentrantLock::unlock (10 bytes)
Event: 6.453 Thread 0x00007faf5c003800 nmethod 930 0x0000000107740750 code [0x00000001077408e0, 0x0000000107740cd8]
Event: 6.457 Thread 0x00007faf5a826000  931       4       jdk.internal.org.objectweb.asm.ClassWriter::newUTF8 (70 bytes)
Event: 6.472 Thread 0x00007faf5a826000 nmethod 931 0x0000000107744b90 code [0x0000000107744d60, 0x0000000107745948]
Event: 6.506 Thread 0x00007faf5c003800  932       3       java.security.AccessControlContext::optimize (318 bytes)
Event: 6.509 Thread 0x00007faf5c003800 nmethod 932 0x0000000107741e10 code [0x0000000107742160, 0x0000000107743cf8]
Event: 6.509 Thread 0x00007faf5c003800  933       3       java.util.concurrent.locks.ReentrantLock::lock (8 bytes)
Event: 6.509 Thread 0x00007faf5c003800 nmethod 933 0x00000001077419d0 code [0x0000000107741b40, 0x0000000107741d68]
Event: 6.509 Thread 0x00007faf5c003800  934       3       java.util.concurrent.locks.ReentrantLock$NonfairSync::lock (25 bytes)
Event: 6.510 Thread 0x00007faf5c003800 nmethod 934 0x00000001077461d0 code [0x00000001077463a0, 0x0000000107746bd8]

GC Heap History (0 events):
No events

Deoptimization events (10 events):
Event: 0.403 Thread 0x00007faf5b801000 Uncommon trap: reason=unstable_if action=reinterpret pc=0x000000010756ec04 method=java.lang.String.replace(CC)Ljava/lang/String; @ 26
Event: 0.501 Thread 0x00007faf5b1a7000 Uncommon trap: reason=unstable_if action=reinterpret pc=0x0000000107583b50 method=java.lang.String.indexOf([CII[CIII)I @ 3
Event: 0.566 Thread 0x00007faf5b801000 Uncommon trap: reason=unstable_if action=reinterpret pc=0x000000010765bc7c method=java.util.HashMap.hash(Ljava/lang/Object;)I @ 1
Event: 5.597 Thread 0x00007faf5b1a7000 Uncommon trap: reason=unstable_if action=reinterpret pc=0x0000000107690d34 method=sun.misc.URLClassPath$JarLoader.ensureOpen()V @ 4
Event: 6.324 Thread 0x00007faf5b1a7000 Uncommon trap: reason=unstable_if action=reinterpret pc=0x00000001075fe2b4 method=java.lang.AbstractStringBuilder.append(Ljava/lang/String;)Ljava/lang/AbstractStringBuilder; @ 1
Event: 6.325 Thread 0x00007faf5b1a7000 Uncommon trap: reason=unstable_if action=reinterpret pc=0x00000001075e71e8 method=java.lang.AbstractStringBuilder.append(Ljava/lang/String;)Ljava/lang/AbstractStringBuilder; @ 1
Event: 6.388 Thread 0x00007faf5b1a7000 Uncommon trap: reason=class_check action=maybe_recompile pc=0x00000001074f4a7c method=java.lang.String.equals(Ljava/lang/Object;)Z @ 8
Event: 6.388 Thread 0x00007faf5b1a7000 Uncommon trap: reason=class_check action=maybe_recompile pc=0x00000001074f4a7c method=java.lang.String.equals(Ljava/lang/Object;)Z @ 8
Event: 6.389 Thread 0x00007faf5b1a7000 Uncommon trap: reason=class_check action=maybe_recompile pc=0x00000001074f4a7c method=java.lang.String.equals(Ljava/lang/Object;)Z @ 8
Event: 6.389 Thread 0x00007faf5b1a7000 Uncommon trap: reason=class_check action=maybe_recompile pc=0x00000001074f4a7c method=java.lang.String.equals(Ljava/lang/Object;)Z @ 8

Internal exceptions (10 events):
Event: 0.173 Thread 0x00007faf5c86e000 Exception <a 'java/security/PrivilegedActionException'> (0x000000076b184838) thrown at [/Users/java_re/workspace/8-2-build-macosx-x86_64/jdk8u74/6087/hotspot/src/share/vm/prims/jvm.cpp, line 1386]
Event: 0.173 Thread 0x00007faf5c86e000 Exception <a 'java/lang/NullPointerException'> (0x000000076b1861b0) thrown at [/Users/java_re/workspace/8-2-build-macosx-x86_64/jdk8u74/6087/hotspot/src/share/vm/interpreter/linkResolver.cpp, line 1178]
Event: 0.433 Thread 0x00007faf5b801000 Exception <a 'java/io/FileNotFoundException'> (0x000000076b9fafd0) thrown at [/Users/java_re/workspace/8-2-build-macosx-x86_64/jdk8u74/6087/hotspot/src/share/vm/prims/jni.cpp, line 709]
Event: 0.433 Thread 0x00007faf5b801000 Exception <a 'java/io/FileNotFoundException'> (0x000000076b9fbb38) thrown at [/Users/java_re/workspace/8-2-build-macosx-x86_64/jdk8u74/6087/hotspot/src/share/vm/prims/jni.cpp, line 709]
Event: 0.467 Thread 0x00007faf5b801000 Exception <a 'java/lang/NullPointerException'> (0x000000076bcabff8) thrown at [/Users/java_re/workspace/8-2-build-macosx-x86_64/jdk8u74/6087/hotspot/src/share/vm/interpreter/linkResolver.cpp, line 1178]
Event: 0.467 Thread 0x00007faf5b801000 Exception <a 'java/lang/NullPointerException'> (0x000000076bcabff8) thrown at [/Users/java_re/workspace/8-2-build-macosx-x86_64/jdk8u74/6087/hotspot/src/share/vm/prims/jvm.cpp, line 1390]
Event: 0.566 Thread 0x00007faf5b801000 Implicit null exception at 0x000000010765ba35 to 0x000000010765bc6d
Event: 5.597 Thread 0x00007faf5b1a7000 Implicit null exception at 0x000000010768fcc5 to 0x0000000107690d29
Event: 6.324 Thread 0x00007faf5b1a7000 Implicit null exception at 0x00000001075fdf35 to 0x00000001075fe2a1
Event: 6.325 Thread 0x00007faf5b1a7000 Implicit null exception at 0x00000001075e6e75 to 0x00000001075e71d5

Events (10 events):
Event: 6.457 loading class com/sun/javafx/tk/quantum/QuantumRenderer done
Event: 6.457 loading class com/sun/javafx/tk/quantum/QuantumToolkit
Event: 6.457 loading class com/sun/javafx/tk/quantum/QuantumToolkit done
Event: 6.457 Thread 0x00007faf5b080000 Thread exited: 0x00007faf5b080000
Event: 6.457 Thread 0x00007faf5c86e000 Thread exited: 0x00007faf5c86e000
Event: 6.457 Thread 0x00007faf5a80a800 Thread exited: 0x00007faf5a80a800
Event: 6.457 Thread 0x00007faf5b801000 Thread exited: 0x00007faf5b801000
Event: 6.457 Thread 0x00007faf5c86e000 Thread added: 0x00007faf5c86e000
Event: 6.506 loading class javax/swing/Timer$1
Event: 6.506 loading class javax/swing/Timer$1 done


Dynamic libraries:
0x000000000a0bb000 	/System/Library/Frameworks/Cocoa.framework/Versions/A/Cocoa
0x000000000a0bb000 	/System/Library/Frameworks/Security.framework/Versions/A/Security
0x000000000a0bb000 	/System/Library/Frameworks/ApplicationServices.framework/Versions/A/ApplicationServices
0x000000000a0bb000 	/usr/lib/libz.1.dylib
0x000000000a0bb000 	/usr/lib/libSystem.B.dylib
0x000000000a0bb000 	/usr/lib/libobjc.A.dylib
0x000000000a0bb000 	/System/Library/Frameworks/CoreFoundation.framework/Versions/A/CoreFoundation
0x000000000a0bb000 	/System/Library/Frameworks/Foundation.framework/Versions/C/Foundation
0x000000000a0bb000 	/System/Library/Frameworks/AppKit.framework/Versions/C/AppKit
0x000000000a0bb000 	/System/Library/Frameworks/CoreData.framework/Versions/A/CoreData
0x000000000a0bb000 	/System/Library/PrivateFrameworks/RemoteViewServices.framework/Versions/A/RemoteViewServices
0x000000000a0bb000 	/System/Library/PrivateFrameworks/UIFoundation.framework/Versions/A/UIFoundation
0x000000000a0bb000 	/usr/lib/libScreenReader.dylib
0x000000000a0bb000 	/System/Library/Frameworks/Accelerate.framework/Versions/A/Accelerate
0x000000000a0bb000 	/System/Library/Frameworks/IOSurface.framework/Versions/A/IOSurface
0x000000000a0bb000 	/System/Library/Frameworks/AudioToolbox.framework/Versions/A/AudioToolbox
0x000000000a0bb000 	/System/Library/Frameworks/AudioUnit.framework/Versions/A/AudioUnit
0x000000000a0bb000 	/System/Library/PrivateFrameworks/DataDetectorsCore.framework/Versions/A/DataDetectorsCore
0x000000000a0bb000 	/System/Library/PrivateFrameworks/DesktopServicesPriv.framework/Versions/A/DesktopServicesPriv
0x000000000a0bb000 	/System/Library/Frameworks/Carbon.framework/Versions/A/Frameworks/HIToolbox.framework/Versions/A/HIToolbox
0x000000000a0bb000 	/System/Library/Frameworks/QuartzCore.framework/Versions/A/QuartzCore
0x000000000a0bb000 	/System/Library/Frameworks/Carbon.framework/Versions/A/Frameworks/SpeechRecognition.framework/Versions/A/SpeechRecognition
0x000000000a0bb000 	/usr/lib/libauto.dylib
0x000000000a0bb000 	/usr/lib/libicucore.A.dylib
0x000000000a0bb000 	/usr/lib/libxml2.2.dylib
0x000000000a0bb000 	/System/Library/PrivateFrameworks/CoreUI.framework/Versions/A/CoreUI
0x000000000a0bb000 	/System/Library/Frameworks/CoreAudio.framework/Versions/A/CoreAudio
0x000000000a0bb000 	/System/Library/Frameworks/DiskArbitration.framework/Versions/A/DiskArbitration
0x000000000a0bb000 	/usr/lib/liblangid.dylib
0x000000000a0bb000 	/System/Library/PrivateFrameworks/MultitouchSupport.framework/Versions/A/MultitouchSupport
0x000000000a0bb000 	/System/Library/Frameworks/IOKit.framework/Versions/A/IOKit
0x000000000a0bb000 	/usr/lib/libDiagnosticMessagesClient.dylib
0x000000000a0bb000 	/System/Library/Frameworks/CoreServices.framework/Versions/A/CoreServices
0x000000000a0bb000 	/System/Library/PrivateFrameworks/PerformanceAnalysis.framework/Versions/A/PerformanceAnalysis
0x000000000a0bb000 	/System/Library/PrivateFrameworks/GenerationalStorage.framework/Versions/A/GenerationalStorage
0x000000000a0bb000 	/System/Library/Frameworks/OpenGL.framework/Versions/A/OpenGL
0x000000000a0bb000 	/System/Library/PrivateFrameworks/Sharing.framework/Versions/A/Sharing
0x000000000a0bb000 	/System/Library/Frameworks/CoreGraphics.framework/Versions/A/CoreGraphics
0x000000000a0bb000 	/System/Library/Frameworks/CoreImage.framework/Versions/A/CoreImage
0x000000000a0bb000 	/System/Library/Frameworks/CoreText.framework/Versions/A/CoreText
0x000000000a0bb000 	/System/Library/Frameworks/ImageIO.framework/Versions/A/ImageIO
0x000000000a0bb000 	/System/Library/PrivateFrameworks/Backup.framework/Versions/A/Backup
0x000000000a0bb000 	/usr/lib/libextension.dylib
0x000000000a0bb000 	/usr/lib/libarchive.2.dylib
0x000000000a0bb000 	/System/Library/Frameworks/CFNetwork.framework/Versions/A/CFNetwork
0x000000000a0bb000 	/System/Library/Frameworks/SystemConfiguration.framework/Versions/A/SystemConfiguration
0x000000000a0bb000 	/usr/lib/libCRFSuite.dylib
0x000000000a0bb000 	/usr/lib/libc++.1.dylib
0x000000000a0bb000 	/usr/lib/libc++abi.dylib
0x000000000a0bb000 	/usr/lib/system/libcache.dylib
0x000000000a0bb000 	/usr/lib/system/libcommonCrypto.dylib
0x000000000a0bb000 	/usr/lib/system/libcompiler_rt.dylib
0x000000000a0bb000 	/usr/lib/system/libcopyfile.dylib
0x000000000a0bb000 	/usr/lib/system/libcorecrypto.dylib
0x000000000a0bb000 	/usr/lib/system/libdispatch.dylib
0x000000000a0bb000 	/usr/lib/system/libdyld.dylib
0x000000000a0bb000 	/usr/lib/system/libkeymgr.dylib
0x000000000a0bb000 	/usr/lib/system/liblaunch.dylib
0x000000000a0bb000 	/usr/lib/system/libmacho.dylib
0x000000000a0bb000 	/usr/lib/system/libquarantine.dylib
0x000000000a0bb000 	/usr/lib/system/libremovefile.dylib
0x000000000a0bb000 	/usr/lib/system/libsystem_asl.dylib
0x000000000a0bb000 	/usr/lib/system/libsystem_blocks.dylib
0x000000000a0bb000 	/usr/lib/system/libsystem_c.dylib
0x000000000a0bb000 	/usr/lib/system/libsystem_configuration.dylib
0x000000000a0bb000 	/usr/lib/system/libsystem_coreservices.dylib
0x000000000a0bb000 	/usr/lib/system/libsystem_coretls.dylib
0x000000000a0bb000 	/usr/lib/system/libsystem_dnssd.dylib
0x000000000a0bb000 	/usr/lib/system/libsystem_info.dylib
0x000000000a0bb000 	/usr/lib/system/libsystem_kernel.dylib
0x000000000a0bb000 	/usr/lib/system/libsystem_m.dylib
0x000000000a0bb000 	/usr/lib/system/libsystem_malloc.dylib
0x000000000a0bb000 	/usr/lib/system/libsystem_network.dylib
0x000000000a0bb000 	/usr/lib/system/libsystem_networkextension.dylib
0x000000000a0bb000 	/usr/lib/system/libsystem_notify.dylib
0x000000000a0bb000 	/usr/lib/system/libsystem_platform.dylib
0x000000000a0bb000 	/usr/lib/system/libsystem_pthread.dylib
0x000000000a0bb000 	/usr/lib/system/libsystem_sandbox.dylib
0x000000000a0bb000 	/usr/lib/system/libsystem_secinit.dylib
0x000000000a0bb000 	/usr/lib/system/libsystem_trace.dylib
0x000000000a0bb000 	/usr/lib/system/libunc.dylib
0x000000000a0bb000 	/usr/lib/system/libunwind.dylib
0x000000000a0bb000 	/usr/lib/system/libxpc.dylib
0x000000000a0bb000 	/usr/lib/libenergytrace.dylib
0x000000000a0bb000 	/usr/lib/libbsm.0.dylib
0x000000000a0bb000 	/usr/lib/system/libkxld.dylib
0x000000000a0bb000 	/usr/lib/libxar.1.dylib
0x000000000a0bb000 	/usr/lib/libsqlite3.dylib
0x000000000a0bb000 	/usr/lib/libpam.2.dylib
0x000000000a0bb000 	/usr/lib/libOpenScriptingUtil.dylib
0x000000000a0bb000 	/usr/lib/libbz2.1.0.dylib
0x000000000a0bb000 	/usr/lib/liblzma.5.dylib
0x000000000a0bb000 	/System/Library/Frameworks/CoreServices.framework/Versions/A/Frameworks/FSEvents.framework/Versions/A/FSEvents
0x000000000a0bb000 	/System/Library/Frameworks/CoreServices.framework/Versions/A/Frameworks/CarbonCore.framework/Versions/A/CarbonCore
0x000000000a0bb000 	/System/Library/Frameworks/CoreServices.framework/Versions/A/Frameworks/Metadata.framework/Versions/A/Metadata
0x000000000a0bb000 	/System/Library/Frameworks/CoreServices.framework/Versions/A/Frameworks/OSServices.framework/Versions/A/OSServices
0x000000000a0bb000 	/System/Library/Frameworks/CoreServices.framework/Versions/A/Frameworks/SearchKit.framework/Versions/A/SearchKit
0x000000000a0bb000 	/System/Library/Frameworks/CoreServices.framework/Versions/A/Frameworks/AE.framework/Versions/A/AE
0x000000000a0bb000 	/System/Library/Frameworks/CoreServices.framework/Versions/A/Frameworks/LaunchServices.framework/Versions/A/LaunchServices
0x000000000a0bb000 	/System/Library/Frameworks/CoreServices.framework/Versions/A/Frameworks/DictionaryServices.framework/Versions/A/DictionaryServices
0x000000000a0bb000 	/System/Library/Frameworks/CoreServices.framework/Versions/A/Frameworks/SharedFileList.framework/Versions/A/SharedFileList
0x000000000a0bb000 	/System/Library/Frameworks/NetFS.framework/Versions/A/NetFS
0x000000000a0bb000 	/System/Library/PrivateFrameworks/NetAuth.framework/Versions/A/NetAuth
0x000000000a0bb000 	/System/Library/PrivateFrameworks/login.framework/Versions/A/Frameworks/loginsupport.framework/Versions/A/loginsupport
0x000000000a0bb000 	/System/Library/PrivateFrameworks/TCC.framework/Versions/A/TCC
0x000000000a0bb000 	/usr/lib/libmecabra.dylib
0x000000000a0bb000 	/System/Library/Frameworks/ApplicationServices.framework/Versions/A/Frameworks/ATS.framework/Versions/A/ATS
0x000000000a0bb000 	/System/Library/Frameworks/ApplicationServices.framework/Versions/A/Frameworks/ColorSync.framework/Versions/A/ColorSync
0x000000000a0bb000 	/System/Library/Frameworks/ApplicationServices.framework/Versions/A/Frameworks/HIServices.framework/Versions/A/HIServices
0x000000000a0bb000 	/System/Library/Frameworks/ApplicationServices.framework/Versions/A/Frameworks/LangAnalysis.framework/Versions/A/LangAnalysis
0x000000000a0bb000 	/System/Library/Frameworks/ApplicationServices.framework/Versions/A/Frameworks/PrintCore.framework/Versions/A/PrintCore
0x000000000a0bb000 	/System/Library/Frameworks/ApplicationServices.framework/Versions/A/Frameworks/QD.framework/Versions/A/QD
0x000000000a0bb000 	/System/Library/Frameworks/ApplicationServices.framework/Versions/A/Frameworks/SpeechSynthesis.framework/Versions/A/SpeechSynthesis
0x000000000a0bb000 	/System/Library/Frameworks/Metal.framework/Versions/A/Metal
0x000000000a0bb000 	/System/Library/Frameworks/Accelerate.framework/Versions/A/Frameworks/vImage.framework/Versions/A/vImage
0x000000000a0bb000 	/System/Library/Frameworks/Accelerate.framework/Versions/A/Frameworks/vecLib.framework/Versions/A/vecLib
0x000000000a0bb000 	/System/Library/Frameworks/Accelerate.framework/Versions/A/Frameworks/vecLib.framework/Versions/A/libvDSP.dylib
0x000000000a0bb000 	/System/Library/Frameworks/Accelerate.framework/Versions/A/Frameworks/vecLib.framework/Versions/A/libvMisc.dylib
0x000000000a0bb000 	/System/Library/Frameworks/Accelerate.framework/Versions/A/Frameworks/vecLib.framework/Versions/A/libLAPACK.dylib
0x000000000a0bb000 	/System/Library/Frameworks/Accelerate.framework/Versions/A/Frameworks/vecLib.framework/Versions/A/libBLAS.dylib
0x000000000a0bb000 	/System/Library/Frameworks/Accelerate.framework/Versions/A/Frameworks/vecLib.framework/Versions/A/libLinearAlgebra.dylib
0x000000000a0bb000 	/System/Library/Frameworks/Accelerate.framework/Versions/A/Frameworks/vecLib.framework/Versions/A/libSparseBLAS.dylib
0x000000000a0bb000 	/System/Library/PrivateFrameworks/GPUCompiler.framework/libmetal_timestamp.dylib
0x000000000a0bb000 	/System/Library/Frameworks/OpenGL.framework/Versions/A/Libraries/libCoreFSCache.dylib
0x000000000a0bb000 	/System/Library/PrivateFrameworks/IOAccelerator.framework/Versions/A/IOAccelerator
0x000000000a0bb000 	/System/Library/Frameworks/ApplicationServices.framework/Versions/A/Frameworks/ATS.framework/Versions/A/Resources/libFontParser.dylib
0x000000000a0bb000 	/System/Library/Frameworks/ApplicationServices.framework/Versions/A/Frameworks/ATS.framework/Versions/A/Resources/libFontRegistry.dylib
0x000000000a0bb000 	/System/Library/PrivateFrameworks/AppleVPA.framework/Versions/A/AppleVPA
0x000000000a0bb000 	/System/Library/PrivateFrameworks/AppleJPEG.framework/Versions/A/AppleJPEG
0x000000000a0bb000 	/System/Library/Frameworks/ImageIO.framework/Versions/A/Resources/libJPEG.dylib
0x000000000a0bb000 	/System/Library/Frameworks/ImageIO.framework/Versions/A/Resources/libTIFF.dylib
0x000000000a0bb000 	/System/Library/Frameworks/ImageIO.framework/Versions/A/Resources/libPng.dylib
0x000000000a0bb000 	/System/Library/Frameworks/ImageIO.framework/Versions/A/Resources/libGIF.dylib
0x000000000a0bb000 	/System/Library/Frameworks/ImageIO.framework/Versions/A/Resources/libJP2.dylib
0x000000000a0bb000 	/System/Library/Frameworks/ImageIO.framework/Versions/A/Resources/libRadiance.dylib
0x000000000a0bb000 	/System/Library/Frameworks/CoreVideo.framework/Versions/A/CoreVideo
0x000000000a0bb000 	/System/Library/Frameworks/OpenGL.framework/Versions/A/Libraries/libGLU.dylib
0x000000000a0bb000 	/System/Library/Frameworks/OpenGL.framework/Versions/A/Libraries/libGFXShared.dylib
0x000000000a0bb000 	/System/Library/Frameworks/OpenGL.framework/Versions/A/Libraries/libGL.dylib
0x000000000a0bb000 	/System/Library/Frameworks/OpenGL.framework/Versions/A/Libraries/libGLImage.dylib
0x000000000a0bb000 	/System/Library/Frameworks/OpenGL.framework/Versions/A/Libraries/libCVMSPluginSupport.dylib
0x000000000a0bb000 	/System/Library/Frameworks/OpenGL.framework/Versions/A/Libraries/libCoreVMClient.dylib
0x000000000a0bb000 	/usr/lib/libcompression.dylib
0x000000000a0bb000 	/usr/lib/libcups.2.dylib
0x000000000a0bb000 	/System/Library/Frameworks/Kerberos.framework/Versions/A/Kerberos
0x000000000a0bb000 	/System/Library/Frameworks/GSS.framework/Versions/A/GSS
0x000000000a0bb000 	/usr/lib/libresolv.9.dylib
0x000000000a0bb000 	/usr/lib/libiconv.2.dylib
0x000000000a0bb000 	/System/Library/PrivateFrameworks/Heimdal.framework/Versions/A/Heimdal
0x000000000a0bb000 	/usr/lib/libheimdal-asn1.dylib
0x000000000a0bb000 	/System/Library/Frameworks/OpenDirectory.framework/Versions/A/OpenDirectory
0x000000000a0bb000 	/System/Library/PrivateFrameworks/CommonAuth.framework/Versions/A/CommonAuth
0x000000000a0bb000 	/System/Library/Frameworks/OpenDirectory.framework/Versions/A/Frameworks/CFOpenDirectory.framework/Versions/A/CFOpenDirectory
0x000000000a0bb000 	/System/Library/Frameworks/SecurityFoundation.framework/Versions/A/SecurityFoundation
0x000000000a0bb000 	/System/Library/PrivateFrameworks/LanguageModeling.framework/Versions/A/LanguageModeling
0x000000000a0bb000 	/usr/lib/libmarisa.dylib
0x000000000a0bb000 	/usr/lib/libChineseTokenizer.dylib
0x000000000a0bb000 	/usr/lib/libcmph.dylib
0x000000000a0bb000 	/System/Library/Frameworks/ServiceManagement.framework/Versions/A/ServiceManagement
0x000000000a0bb000 	/usr/lib/libxslt.1.dylib
0x000000000a0bb000 	/System/Library/Frameworks/Carbon.framework/Versions/A/Frameworks/Ink.framework/Versions/A/Ink
0x000000000a0bb000 	/usr/lib/libFosl_dynamic.dylib
0x000000000a0bb000 	/System/Library/PrivateFrameworks/FaceCore.framework/Versions/A/FaceCore
0x000000000a0bb000 	/System/Library/Frameworks/OpenCL.framework/Versions/A/OpenCL
0x000000000a0bb000 	/System/Library/PrivateFrameworks/CrashReporterSupport.framework/Versions/A/CrashReporterSupport
0x000000000a0bb000 	/System/Library/PrivateFrameworks/IconServices.framework/Versions/A/IconServices
0x000000000a0bb000 	/System/Library/PrivateFrameworks/Apple80211.framework/Versions/A/Apple80211
0x000000000a0bb000 	/System/Library/Frameworks/CoreWLAN.framework/Versions/A/CoreWLAN
0x000000000a0bb000 	/System/Library/Frameworks/IOBluetooth.framework/Versions/A/IOBluetooth
0x000000000a0bb000 	/System/Library/PrivateFrameworks/CoreWiFi.framework/Versions/A/CoreWiFi
0x000000000a0bb000 	/System/Library/Frameworks/CoreBluetooth.framework/Versions/A/CoreBluetooth
0x000000000a0bb000 	/System/Library/PrivateFrameworks/ChunkingLibrary.framework/Versions/A/ChunkingLibrary
0x000000000a0bb000 	/System/Library/PrivateFrameworks/DebugSymbols.framework/Versions/A/DebugSymbols
0x000000000a0bb000 	/System/Library/PrivateFrameworks/CoreSymbolication.framework/Versions/A/CoreSymbolication
0x000000000a0bb000 	/System/Library/PrivateFrameworks/Symbolication.framework/Versions/A/Symbolication
0x000000000a0bb000 	/System/Library/PrivateFrameworks/SpeechRecognitionCore.framework/Versions/A/SpeechRecognitionCore
0x0000000106400000 	/Library/Java/JavaVirtualMachines/jdk1.8.0_74.jdk/Contents/Home/jre/lib/server/libjvm.dylib
0x000000000a0bb000 	/usr/lib/libstdc++.6.dylib
0x00000001053dc000 	/Library/Java/JavaVirtualMachines/jdk1.8.0_74.jdk/Contents/Home/jre/lib/libverify.dylib
0x000000010738f000 	/Library/Java/JavaVirtualMachines/jdk1.8.0_74.jdk/Contents/Home/jre/lib/libjava.dylib
0x00000001053f4000 	/Library/Java/JavaVirtualMachines/jdk1.8.0_74.jdk/Contents/Home/jre/lib/libzip.dylib
0x0000000122479000 	/System/Library/Frameworks/JavaVM.framework/Frameworks/JavaRuntimeSupport.framework/JavaRuntimeSupport
0x0000000122494000 	/System/Library/Frameworks/JavaVM.framework/Versions/A/Frameworks/JavaNativeFoundation.framework/Versions/A/JavaNativeFoundation
0x00000001224a9000 	/System/Library/Frameworks/JavaVM.framework/Versions/A/JavaVM
0x000000000a0bb000 	/System/Library/Frameworks/Carbon.framework/Versions/A/Carbon
0x00000001224b6000 	/System/Library/PrivateFrameworks/JavaLaunching.framework/Versions/A/JavaLaunching
0x000000000a0bb000 	/System/Library/Frameworks/Carbon.framework/Versions/A/Frameworks/CommonPanels.framework/Versions/A/CommonPanels
0x000000000a0bb000 	/System/Library/Frameworks/Carbon.framework/Versions/A/Frameworks/Help.framework/Versions/A/Help
0x000000000a0bb000 	/System/Library/Frameworks/Carbon.framework/Versions/A/Frameworks/ImageCapture.framework/Versions/A/ImageCapture
0x000000000a0bb000 	/System/Library/Frameworks/Carbon.framework/Versions/A/Frameworks/OpenScripting.framework/Versions/A/OpenScripting
0x000000000a0bb000 	/System/Library/Frameworks/Carbon.framework/Versions/A/Frameworks/Print.framework/Versions/A/Print
0x000000000a0bb000 	/System/Library/Frameworks/Carbon.framework/Versions/A/Frameworks/SecurityHI.framework/Versions/A/SecurityHI
0x0000000123f86000 	/Users/hadihariri/Library/Application Support/JetBrains/Toolbox/apps/IDEA-U/ch-0/163.10154.41/IntelliJ IDEA.app/Contents/bin/libbreakgen64.jnilib
0x0000000123f89000 	/Library/Java/JavaVirtualMachines/jdk1.8.0_74.jdk/Contents/Home/jre/lib/libnet.dylib
0x000000012407e000 	/Library/Java/JavaVirtualMachines/jdk1.8.0_74.jdk/Contents/Home/jre/lib/libprism_es2.dylib
0x000000000a0bb000 	/System/Library/Frameworks/OpenGL.framework/Versions/A/Resources/GLEngine.bundle/GLEngine
0x000000000a0bb000 	/System/Library/Frameworks/OpenGL.framework/Versions/A/Libraries/libGLProgrammability.dylib
0x0000000124100000 	/System/Library/Extensions/AppleIntelHD5000GraphicsGLDriver.bundle/Contents/MacOS/AppleIntelHD5000GraphicsGLDriver
0x000000000a0bb000 	/System/Library/PrivateFrameworks/GPUSupport.framework/Versions/A/Libraries/libGPUSupportMercury.dylib
0x0000000124853000 	/System/Library/Extensions/AMDRadeonX4000GLDriver.bundle/Contents/MacOS/AMDRadeonX4000GLDriver
0x000000012491f000 	/System/Library/Extensions/AMDRadeonX4000GLDriver.bundle/Contents/MacOS/ATIRadeonX4000SCLib.dylib
0x000000000a0bb000 	/System/Library/Frameworks/OpenGL.framework/Versions/A/Resources/GLRendererFloat.bundle/GLRendererFloat
0x000000000a0bb000 	/System/Library/Frameworks/OpenCL.framework/Versions/A/Libraries/libcldcpuengine.dylib
0x000000000a0bb000 	/System/Library/PrivateFrameworks/DiskImages.framework/Versions/A/DiskImages
0x000000000a0bb000 	/System/Library/Frameworks/DiscRecording.framework/Versions/A/DiscRecording
0x000000000a0bb000 	/usr/lib/libcsfde.dylib
0x000000000a0bb000 	/usr/lib/libcurl.4.dylib
0x000000000a0bb000 	/System/Library/PrivateFrameworks/MediaKit.framework/Versions/A/MediaKit
0x000000000a0bb000 	/System/Library/PrivateFrameworks/ProtectedCloudStorage.framework/Versions/A/ProtectedCloudStorage
0x000000000a0bb000 	/usr/lib/libCoreStorage.dylib
0x000000000a0bb000 	/System/Library/PrivateFrameworks/EFILogin.framework/Versions/A/EFILogin
0x000000000a0bb000 	/usr/lib/libutil.dylib
0x000000000a0bb000 	/System/Library/PrivateFrameworks/FindMyDevice.framework/Versions/A/FindMyDevice
0x000000000a0bb000 	/System/Library/Frameworks/LDAP.framework/Versions/A/LDAP
0x000000000a0bb000 	/usr/lib/libsasl2.2.dylib
0x000000000a0bb000 	/System/Library/PrivateFrameworks/CoreDaemon.framework/Versions/B/CoreDaemon
0x000000000a0bb000 	/usr/lib/libcrypto.0.9.8.dylib
0x000000000a0bb000 	/System/Library/PrivateFrameworks/AppleSRP.framework/Versions/A/AppleSRP
0x000000000a0bb000 	/System/Library/PrivateFrameworks/TrustEvaluationAgent.framework/Versions/A/TrustEvaluationAgent
0x0000000124ed9000 	/Library/Java/JavaVirtualMachines/jdk1.8.0_74.jdk/Contents/Home/jre/lib/libglass.dylib
0x000000000a0bb000 	/System/Library/PrivateFrameworks/CoreServicesInternal.framework/Versions/A/CoreServicesInternal
0x000000000a0bb000 	/System/Library/CoreServices/RawCamera.bundle/Contents/MacOS/RawCamera
0x000000000a0bb000 	/System/Library/Frameworks/CoreGraphics.framework/Versions/A/Resources/libRIP.A.dylib
0x000000000a0bb000 	/System/Library/Frameworks/Accelerate.framework/Versions/A/Frameworks/vImage.framework/Versions/A/Libraries/libCGInterfaces.dylib
0x000000000a0bb000 	/System/Library/PrivateFrameworks/FamilyControls.framework/Versions/A/FamilyControls
0x000000000a0bb000 	/System/Library/PrivateFrameworks/CommerceKit.framework/Versions/A/Frameworks/CommerceCore.framework/Versions/A/CommerceCore
0x000000000a0bb000 	/System/Library/PrivateFrameworks/SystemAdministration.framework/Versions/A/SystemAdministration
0x000000000a0bb000 	/System/Library/PrivateFrameworks/AppContainer.framework/Versions/A/AppContainer
0x000000000a0bb000 	/System/Library/PrivateFrameworks/SecCodeWrapper.framework/Versions/A/SecCodeWrapper
0x000000000a0bb000 	/System/Library/Frameworks/DirectoryService.framework/Versions/A/DirectoryService
0x000000000a0bb000 	/System/Library/PrivateFrameworks/LoginUIKit.framework/Versions/A/Frameworks/LoginUICore.framework/Versions/A/LoginUICore
0x000000000a0bb000 	/usr/lib/libodfde.dylib
0x00000001280af000 	/Library/Java/JavaVirtualMachines/jdk1.8.0_74.jdk/Contents/Home/jre/lib/libawt.dylib
0x0000000128157000 	/Library/Java/JavaVirtualMachines/jdk1.8.0_74.jdk/Contents/Home/jre/lib/./libmlib_image.dylib
0x0000000128223000 	/Library/Java/JavaVirtualMachines/jdk1.8.0_74.jdk/Contents/Home/jre/lib/libawt_lwawt.dylib
0x00000001282d8000 	/Library/Java/JavaVirtualMachines/jdk1.8.0_74.jdk/Contents/Home/jre/lib/./libosxapp.dylib
0x000000000a0bb000 	/System/Library/Frameworks/ExceptionHandling.framework/Versions/A/ExceptionHandling
0x00000001282f4000 	/Library/Java/JavaVirtualMachines/jdk1.8.0_74.jdk/Contents/Home/jre/lib/libfontmanager.dylib
0x0000000125dc0000 	/Library/Java/JavaVirtualMachines/jdk1.8.0_74.jdk/Contents/Home/jre/lib/libnio.dylib
0x0000000125dd3000 	/Library/Java/JavaVirtualMachines/jdk1.8.0_74.jdk/Contents/Home/jre/lib/libjavafx_font.dylib
0x000000000a0bb000 	/System/Library/Frameworks/CoreGraphics.framework/Versions/A/Resources/libCGXType.A.dylib
0x0000000125eba000 	cl_kernels
0x000000000a0bb000 	/System/Library/Frameworks/OpenCL.framework/Versions/A/Libraries/ImageFormats/unorm8_bgra.dylib
0x000000000a0bb000 	/System/Library/Frameworks/OpenCL.framework/Versions/A/Libraries/ImageFormats/unorm8_rgba.dylib
0x000000000a0bb000 	/System/Library/PrivateFrameworks/Shortcut.framework/Versions/A/Shortcut
0x000000000a0bb000 	/System/Library/PrivateFrameworks/HelpData.framework/Versions/A/HelpData
0x000000000a0bb000 	/usr/lib/libtidy.A.dylib
0x000000012809c000 	/Library/Java/JavaVirtualMachines/jdk1.8.0_74.jdk/Contents/Home/jre/lib/libosxui.dylib
0x000000000a0bb000 	/System/Library/Frameworks/ApplicationServices.framework/Versions/A/Frameworks/ATS.framework/Versions/A/Resources/libTrueTypeScaler.dylib
0x000000017e501000 	/System/Library/Extensions/AMDMTLBronzeDriver.bundle/Contents/MacOS/AMDMTLBronzeDriver
0x000000000a0bb000 	/System/Library/PrivateFrameworks/IOAccelMemoryInfo.framework/Versions/A/IOAccelMemoryInfo
0x000000017e65c000 	/System/Library/Extensions/AppleIntelHD5000GraphicsMTLDriver.bundle/Contents/MacOS/AppleIntelHD5000GraphicsMTLDriver

VM Arguments:
jvm_args: -Didea.launcher.port=7536 -Didea.launcher.bin.path=/Users/hadihariri/Library/Application Support/JetBrains/Toolbox/apps/IDEA-U/ch-0/163.10154.41/IntelliJ IDEA.app/Contents/bin -Dfile.encoding=UTF-8 
java_command: com.intellij.rt.execution.application.AppMain com.hadihariri.easybookmarks.EasyBookmarkApp
java_class_path (initial): /Library/Java/JavaVirtualMachines/jdk1.8.0_74.jdk/Contents/Home/jre/lib/charsets.jar:/Library/Java/JavaVirtualMachines/jdk1.8.0_74.jdk/Contents/Home/jre/lib/deploy.jar:/Library/Java/JavaVirtualMachines/jdk1.8.0_74.jdk/Contents/Home/jre/lib/ext/cldrdata.jar:/Library/Java/JavaVirtualMachines/jdk1.8.0_74.jdk/Contents/Home/jre/lib/ext/dnsns.jar:/Library/Java/JavaVirtualMachines/jdk1.8.0_74.jdk/Contents/Home/jre/lib/ext/jaccess.jar:/Library/Java/JavaVirtualMachines/jdk1.8.0_74.jdk/Contents/Home/jre/lib/ext/jfxrt.jar:/Library/Java/JavaVirtualMachines/jdk1.8.0_74.jdk/Contents/Home/jre/lib/ext/localedata.jar:/Library/Java/JavaVirtualMachines/jdk1.8.0_74.jdk/Contents/Home/jre/lib/ext/nashorn.jar:/Library/Java/JavaVirtualMachines/jdk1.8.0_74.jdk/Contents/Home/jre/lib/ext/sunec.jar:/Library/Java/JavaVirtualMachines/jdk1.8.0_74.jdk/Contents/Home/jre/lib/ext/sunjce_provider.jar:/Library/Java/JavaVirtualMachines/jdk1.8.0_74.jdk/Contents/Home/jre/lib/ext/sunpkcs11.jar:/Library/Java/JavaVirtualMachines/jdk1.8.0_74.jdk/Contents/Home/jre/lib/ext/zipfs.jar:/Library/Java/JavaVirtualMachines/jdk1.8.0_74.jdk/Contents/Home/jre/lib/javaws.jar:/Library/Java/JavaVirtualMachines/jdk1.8.0_74.jdk/Contents/Home/jre/lib/jce.jar:/Library/Java/JavaVirtualMachines/jdk1.8.0_74.jdk/Contents/Home/jre/lib/jfr.jar:/Library/Java/JavaVirtualMachines/jdk1.8.0_74.jdk/Contents/Home/jre/lib/jfxswt.jar:/Library/Java/JavaVirtualMachines/jdk1.8.0_74.jdk/Contents/Home/jre/lib/jsse.jar:/Library/Java/JavaVirtualMachines/jdk1.8.0_74.jdk/Contents/Home/jre/lib/management-agent.jar:/Library/Java/JavaVirtualMachines/jdk1.8.0_74.jdk/Contents/Home/jre/lib/plugin.jar:/Library/Java/JavaVirtualMachines/jdk1.8.0_74.jdk/Contents/Home/jre/lib/resources.jar:/Library/Java/JavaVirtualMachines/jdk1.8.0_74.jdk/Contents/Home/jre/lib/rt.jar:/Library/Java/JavaVirtualMachines/jdk1.8.0_74.jdk/Contents/Home/lib/ant-javafx.jar:/Library/Java/JavaVirtualMachines/jdk1.8.0_74.jdk/Contents/Home/lib/dt.jar:/Library/Ja
Launcher Type: SUN_STANDARD

Environment Variables:
JAVA_HOME=/Library/Java/JavaVirtualMachines/jdk1.8.0_74.jdk/Contents/Home
PATH=/Users/hadihariri/.sdkman/candidates/gradle/current/bin:/Users/hadihariri/.dnx/runtimes/dnx-mono.1.0.0-rc1-update1/bin:/Users/hadihariri/.dnx/bin:/usr/local/bin:/usr/bin:/bin:/usr/sbin:/sbin:/Users/hadihariri/.npm-global/bin:/Users/hadihariri/tools:/Users/hadihariri/tools/gradle/bin:/Users/hadihariri/Library/Haskell/bin:/Users/tools/hadihariri/tools/docker-run
SHELL=/bin/zsh

Signal Handlers:
SIGSEGV: [libjvm.dylib+0x5a6855], sa_mask[0]=11111111011111110111111111111111, sa_flags=SA_ONSTACK|SA_RESTART|SA_SIGINFO
SIGBUS: [libjvm.dylib+0x5a6855], sa_mask[0]=11111111011111110111111111111111, sa_flags=SA_RESTART|SA_SIGINFO
SIGFPE: [libjvm.dylib+0x4804ec], sa_mask[0]=11111111011111110111111111111111, sa_flags=SA_RESTART|SA_SIGINFO
SIGPIPE: [libjvm.dylib+0x4804ec], sa_mask[0]=11111111011111110111111111111111, sa_flags=SA_RESTART|SA_SIGINFO
SIGXFSZ: [libjvm.dylib+0x4804ec], sa_mask[0]=11111111011111110111111111111111, sa_flags=SA_RESTART|SA_SIGINFO
SIGILL: [libjvm.dylib+0x4804ec], sa_mask[0]=11111111011111110111111111111111, sa_flags=SA_RESTART|SA_SIGINFO
SIGUSR1: SIG_DFL, sa_mask[0]=00000000000000000000000000000000, sa_flags=none
SIGUSR2: [libjvm.dylib+0x48000a], sa_mask[0]=00100000000000000000000000000000, sa_flags=SA_RESTART|SA_SIGINFO
SIGHUP: [libjvm.dylib+0x47e5e1], sa_mask[0]=11111111011111110111111111111111, sa_flags=SA_RESTART|SA_SIGINFO
SIGINT: [libjvm.dylib+0x47e5e1], sa_mask[0]=11111111011111110111111111111111, sa_flags=SA_RESTART|SA_SIGINFO
SIGTERM: [libjvm.dylib+0x47e5e1], sa_mask[0]=11111111011111110111111111111111, sa_flags=SA_RESTART|SA_SIGINFO
SIGQUIT: [libjvm.dylib+0x47e5e1], sa_mask[0]=11111111011111110111111111111111, sa_flags=SA_RESTART|SA_SIGINFO


---------------  S Y S T E M  ---------------

OS:Bsduname:Darwin 15.6.0 Darwin Kernel Version 15.6.0: Mon Aug 29 20:21:34 PDT 2016; root:xnu-3248.60.11~1/RELEASE_X86_64 x86_64
rlimit: STACK 8192k, CORE 0k, NPROC 709, NOFILE 10240, AS infinity
load average:1.69 1.95 2.07

CPU:total 8 (4 cores per cpu, 2 threads per core) family 6 model 70 stepping 1, cmov, cx8, fxsr, mmx, sse, sse2, sse3, ssse3, sse4.1, sse4.2, popcnt, avx, avx2, aes, clmul, erms, lzcnt, ht, tsc, tscinvbit, bmi1, bmi2

Memory: 4k page, physical 16777216k(170060k free)

/proc/meminfo:


vm_info: Java HotSpot(TM) 64-Bit Server VM (25.74-b02) for bsd-amd64 JRE (1.8.0_74-b02), built on Jan 29 2016 15:32:34 by "java_re" with gcc 4.2.1 (Based on Apple Inc. build 5658) (LLVM build 2336.11.00)

time: Fri Dec 30 09:27:19 2016
elapsed time: 6 seconds (0d 0h 0m 6s)

